<?xml version="1.0" encoding="UTF-8"?>
<testng-results ignored="0" total="2" passed="2" failed="0" skipped="0">
  <reporter-output>
  </reporter-output>
  <suite started-at="2022-06-27T16:15:46 CEST" name="Surefire suite" finished-at="2022-06-27T16:16:02 CEST" duration-ms="16188">
    <groups>
    </groups>
    <test started-at="2022-06-27T16:15:46 CEST" name="Surefire test" finished-at="2022-06-27T16:16:02 CEST" duration-ms="16188">
      <class name="org.minieacademy.DemoTest">
        <test-method is-config="true" signature="setUp()[pri:0, instance:org.minieacademy.DemoTest@7f010382]" started-at="2022-06-27T16:15:46 CEST" name="setUp" finished-at="2022-06-27T16:15:49 CEST" duration-ms="3031" status="PASS">
          <reporter-output>
          </reporter-output>
        </test-method> <!-- setUp -->
        <test-method signature="flightTest(java.util.HashMap)[pri:0, instance:org.minieacademy.DemoTest@7f010382]" started-at="2022-06-27T16:15:49 CEST" name="flightTest" data-provider="getData" finished-at="2022-06-27T16:15:56 CEST" duration-ms="6962" status="PASS">
          <params>
            <param index="0">
              <value>
                <![CDATA[{destination=HYD, destination2=DEL, origin=MAA}]]>
              </value>
            </param>
          </params>
          <reporter-output>
          </reporter-output>
        </test-method> <!-- flightTest -->
        <test-method signature="flightTest(java.util.HashMap)[pri:0, instance:org.minieacademy.DemoTest@7f010382]" started-at="2022-06-27T16:15:56 CEST" name="flightTest" data-provider="getData" finished-at="2022-06-27T16:16:02 CEST" duration-ms="5349" status="PASS">
          <params>
            <param index="0">
              <value>
                <![CDATA[{destination=HYD, destination2=MAA, origin=DEL}]]>
              </value>
            </param>
          </params>
          <reporter-output>
          </reporter-output>
        </test-method> <!-- flightTest -->
        <test-method is-config="true" signature="tearDown()[pri:0, instance:org.minieacademy.DemoTest@7f010382]" started-at="2022-06-27T16:16:02 CEST" name="tearDown" finished-at="2022-06-27T16:16:02 CEST" duration-ms="320" status="PASS">
          <reporter-output>
          </reporter-output>
        </test-method> <!-- tearDown -->
      </class> <!-- org.minieacademy.DemoTest -->
    </test> <!-- Surefire test -->
  </suite> <!-- Surefire suite -->
</testng-results>
